{"__type":"$$EventMessageAudit","id":"c11fd069-99a8-4132-b3a7-3c59f1f099c7","ts":"2026-04-02T00:45:59.696+00:00","eventName":"n8n.audit.workflow.created","message":"n8n.audit.workflow.created","payload":{"userId":"a8fb72ae-6563-4643-8d33-647eaf892056","_email":"juanprueba05114@gmail.com","_firstName":"Juan David","_lastName":"Zuluaga","globalRole":"global:owner","workflowId":"yo7acx6zWw34XmlN","workflowName":"My workflow"}}
{"__type":"$$EventMessageConfirm","confirm":"c11fd069-99a8-4132-b3a7-3c59f1f099c7","ts":"2026-04-02T00:45:59.696+00:00","source":{"id":"0","name":"eventBus"}}
{"__type":"$$EventMessageAudit","id":"8a4a5103-8f92-4dee-9ae2-f39f63ac57e6","ts":"2026-04-02T00:46:12.219+00:00","eventName":"n8n.audit.workflow.updated","message":"n8n.audit.workflow.updated","payload":{"userId":"a8fb72ae-6563-4643-8d33-647eaf892056","_email":"juanprueba05114@gmail.com","_firstName":"Juan David","_lastName":"Zuluaga","globalRole":"global:owner","workflowId":"yo7acx6zWw34XmlN","workflowName":"My workflow"}}
{"__type":"$$EventMessageConfirm","confirm":"8a4a5103-8f92-4dee-9ae2-f39f63ac57e6","ts":"2026-04-02T00:46:12.220+00:00","source":{"id":"0","name":"eventBus"}}
{"__type":"$$EventMessageAudit","id":"f260d24f-793a-4189-8a4e-e3c139d77fa0","ts":"2026-04-02T00:46:29.598+00:00","eventName":"n8n.audit.workflow.updated","message":"n8n.audit.workflow.updated","payload":{"userId":"a8fb72ae-6563-4643-8d33-647eaf892056","_email":"juanprueba05114@gmail.com","_firstName":"Juan David","_lastName":"Zuluaga","globalRole":"global:owner","workflowId":"yo7acx6zWw34XmlN","workflowName":"My workflow"}}
{"__type":"$$EventMessageConfirm","confirm":"f260d24f-793a-4189-8a4e-e3c139d77fa0","ts":"2026-04-02T00:46:29.598+00:00","source":{"id":"0","name":"eventBus"}}
{"__type":"$$EventMessageAudit","id":"3269604b-5756-4f6c-9991-ab2e269aca9a","ts":"2026-04-02T00:46:35.684+00:00","eventName":"n8n.audit.workflow.updated","message":"n8n.audit.workflow.updated","payload":{"userId":"a8fb72ae-6563-4643-8d33-647eaf892056","_email":"juanprueba05114@gmail.com","_firstName":"Juan David","_lastName":"Zuluaga","globalRole":"global:owner","workflowId":"yo7acx6zWw34XmlN","workflowName":"My workflow"}}
{"__type":"$$EventMessageConfirm","confirm":"3269604b-5756-4f6c-9991-ab2e269aca9a","ts":"2026-04-02T00:46:35.684+00:00","source":{"id":"0","name":"eventBus"}}
{"__type":"$$EventMessageAudit","id":"e1229471-4ad4-42b3-88e1-76c9de2badcb","ts":"2026-04-02T00:48:51.575+00:00","eventName":"n8n.audit.user.credentials.created","message":"n8n.audit.user.credentials.created","payload":{"userId":"a8fb72ae-6563-4643-8d33-647eaf892056","_email":"juanprueba05114@gmail.com","_firstName":"Juan David","_lastName":"Zuluaga","globalRole":"global:owner","credentialType":"gmailOAuth2","credentialId":"hvEmPyO5EHgPY1Bd","publicApi":false,"projectId":"Rs8rIrcU5ntmwymZ","projectType":"personal","isDynamic":false}}
{"__type":"$$EventMessageConfirm","confirm":"e1229471-4ad4-42b3-88e1-76c9de2badcb","ts":"2026-04-02T00:48:51.575+00:00","source":{"id":"0","name":"eventBus"}}
{"__type":"$$EventMessageAudit","id":"dff7da61-bc4e-465c-8e16-e276602f27f9","ts":"2026-04-02T00:53:48.851+00:00","eventName":"n8n.audit.user.credentials.updated","message":"n8n.audit.user.credentials.updated","payload":{"userId":"a8fb72ae-6563-4643-8d33-647eaf892056","_email":"juanprueba05114@gmail.com","_firstName":"Juan David","_lastName":"Zuluaga","globalRole":"global:owner","credentialType":"gmailOAuth2","credentialId":"hvEmPyO5EHgPY1Bd","isDynamic":false}}
{"__type":"$$EventMessageConfirm","confirm":"dff7da61-bc4e-465c-8e16-e276602f27f9","ts":"2026-04-02T00:53:48.851+00:00","source":{"id":"0","name":"eventBus"}}
{"__type":"$$EventMessageAudit","id":"f0c0a860-57ea-4344-be87-2b43485789c2","ts":"2026-04-02T00:58:17.734+00:00","eventName":"n8n.audit.user.credentials.updated","message":"n8n.audit.user.credentials.updated","payload":{"userId":"a8fb72ae-6563-4643-8d33-647eaf892056","_email":"juanprueba05114@gmail.com","_firstName":"Juan David","_lastName":"Zuluaga","globalRole":"global:owner","credentialType":"gmailOAuth2","credentialId":"hvEmPyO5EHgPY1Bd","isDynamic":false}}
{"__type":"$$EventMessageConfirm","confirm":"f0c0a860-57ea-4344-be87-2b43485789c2","ts":"2026-04-02T00:58:17.734+00:00","source":{"id":"0","name":"eventBus"}}
{"__type":"$$EventMessageAudit","id":"abde9d38-9095-47b7-bfa4-654f1b2f01c6","ts":"2026-04-02T01:04:26.599+00:00","eventName":"n8n.audit.user.credentials.updated","message":"n8n.audit.user.credentials.updated","payload":{"userId":"a8fb72ae-6563-4643-8d33-647eaf892056","_email":"juanprueba05114@gmail.com","_firstName":"Juan David","_lastName":"Zuluaga","globalRole":"global:owner","credentialType":"gmailOAuth2","credentialId":"hvEmPyO5EHgPY1Bd","isDynamic":false}}
{"__type":"$$EventMessageConfirm","confirm":"abde9d38-9095-47b7-bfa4-654f1b2f01c6","ts":"2026-04-02T01:04:26.599+00:00","source":{"id":"0","name":"eventBus"}}
{"__type":"$$EventMessageAudit","id":"7b2cb0a0-8252-4acd-a687-00dbcaaa7183","ts":"2026-04-02T01:04:35.322+00:00","eventName":"n8n.audit.user.credentials.updated","message":"n8n.audit.user.credentials.updated","payload":{"userId":"a8fb72ae-6563-4643-8d33-647eaf892056","_email":"juanprueba05114@gmail.com","_firstName":"Juan David","_lastName":"Zuluaga","globalRole":"global:owner","credentialType":"gmailOAuth2","credentialId":"hvEmPyO5EHgPY1Bd","isDynamic":false}}
{"__type":"$$EventMessageConfirm","confirm":"7b2cb0a0-8252-4acd-a687-00dbcaaa7183","ts":"2026-04-02T01:04:35.323+00:00","source":{"id":"0","name":"eventBus"}}
{"__type":"$$EventMessageAudit","id":"644ac25e-3f81-4c52-9bc2-535535e4bb2a","ts":"2026-04-02T01:04:35.988+00:00","eventName":"n8n.audit.user.credentials.updated","message":"n8n.audit.user.credentials.updated","payload":{"userId":"a8fb72ae-6563-4643-8d33-647eaf892056","_email":"juanprueba05114@gmail.com","_firstName":"Juan David","_lastName":"Zuluaga","globalRole":"global:owner","credentialType":"gmailOAuth2","credentialId":"hvEmPyO5EHgPY1Bd","isDynamic":false}}
{"__type":"$$EventMessageConfirm","confirm":"644ac25e-3f81-4c52-9bc2-535535e4bb2a","ts":"2026-04-02T01:04:35.988+00:00","source":{"id":"0","name":"eventBus"}}
{"__type":"$$EventMessageAudit","id":"ac009374-1101-4fa8-b916-52a601c78959","ts":"2026-04-02T01:15:18.723+00:00","eventName":"n8n.audit.user.credentials.updated","message":"n8n.audit.user.credentials.updated","payload":{"userId":"a8fb72ae-6563-4643-8d33-647eaf892056","_email":"juanprueba05114@gmail.com","_firstName":"Juan David","_lastName":"Zuluaga","globalRole":"global:owner","credentialType":"gmailOAuth2","credentialId":"hvEmPyO5EHgPY1Bd","isDynamic":false}}
{"__type":"$$EventMessageConfirm","confirm":"ac009374-1101-4fa8-b916-52a601c78959","ts":"2026-04-02T01:15:18.723+00:00","source":{"id":"0","name":"eventBus"}}
{"__type":"$$EventMessageAudit","id":"ce2c8b66-66a2-4b51-bef1-1463e9ae03b6","ts":"2026-04-02T01:15:55.321+00:00","eventName":"n8n.audit.user.credentials.updated","message":"n8n.audit.user.credentials.updated","payload":{"userId":"a8fb72ae-6563-4643-8d33-647eaf892056","_email":"juanprueba05114@gmail.com","_firstName":"Juan David","_lastName":"Zuluaga","globalRole":"global:owner","credentialType":"gmailOAuth2","credentialId":"hvEmPyO5EHgPY1Bd","isDynamic":false}}
{"__type":"$$EventMessageConfirm","confirm":"ce2c8b66-66a2-4b51-bef1-1463e9ae03b6","ts":"2026-04-02T01:15:55.321+00:00","source":{"id":"0","name":"eventBus"}}
{"__type":"$$EventMessageAudit","id":"397880f6-dda2-4eed-ade9-af13e08bd0a2","ts":"2026-04-02T01:19:49.906+00:00","eventName":"n8n.audit.user.credentials.updated","message":"n8n.audit.user.credentials.updated","payload":{"userId":"a8fb72ae-6563-4643-8d33-647eaf892056","_email":"juanprueba05114@gmail.com","_firstName":"Juan David","_lastName":"Zuluaga","globalRole":"global:owner","credentialType":"gmailOAuth2","credentialId":"hvEmPyO5EHgPY1Bd","isDynamic":false}}
{"__type":"$$EventMessageConfirm","confirm":"397880f6-dda2-4eed-ade9-af13e08bd0a2","ts":"2026-04-02T01:19:49.906+00:00","source":{"id":"0","name":"eventBus"}}
{"__type":"$$EventMessageAudit","id":"d6945fe3-159d-4c23-9206-bf7cf53a2715","ts":"2026-04-02T01:20:54.219+00:00","eventName":"n8n.audit.user.credentials.updated","message":"n8n.audit.user.credentials.updated","payload":{"userId":"a8fb72ae-6563-4643-8d33-647eaf892056","_email":"juanprueba05114@gmail.com","_firstName":"Juan David","_lastName":"Zuluaga","globalRole":"global:owner","credentialType":"gmailOAuth2","credentialId":"hvEmPyO5EHgPY1Bd","isDynamic":false}}
{"__type":"$$EventMessageConfirm","confirm":"d6945fe3-159d-4c23-9206-bf7cf53a2715","ts":"2026-04-02T01:20:54.219+00:00","source":{"id":"0","name":"eventBus"}}
{"__type":"$$EventMessageAudit","id":"3c8a7e0d-c001-4bf8-b8a1-1b9add401742","ts":"2026-04-02T01:24:20.628+00:00","eventName":"n8n.audit.user.credentials.updated","message":"n8n.audit.user.credentials.updated","payload":{"userId":"a8fb72ae-6563-4643-8d33-647eaf892056","_email":"juanprueba05114@gmail.com","_firstName":"Juan David","_lastName":"Zuluaga","globalRole":"global:owner","credentialType":"gmailOAuth2","credentialId":"hvEmPyO5EHgPY1Bd","isDynamic":false}}
{"__type":"$$EventMessageConfirm","confirm":"3c8a7e0d-c001-4bf8-b8a1-1b9add401742","ts":"2026-04-02T01:24:20.628+00:00","source":{"id":"0","name":"eventBus"}}
{"__type":"$$EventMessageAudit","id":"1d6c36b1-8141-4a93-8023-b83e34360989","ts":"2026-04-02T01:25:25.513+00:00","eventName":"n8n.audit.workflow.updated","message":"n8n.audit.workflow.updated","payload":{"userId":"a8fb72ae-6563-4643-8d33-647eaf892056","_email":"juanprueba05114@gmail.com","_firstName":"Juan David","_lastName":"Zuluaga","globalRole":"global:owner","workflowId":"yo7acx6zWw34XmlN","workflowName":"prueba_tcc"}}
{"__type":"$$EventMessageConfirm","confirm":"1d6c36b1-8141-4a93-8023-b83e34360989","ts":"2026-04-02T01:25:25.514+00:00","source":{"id":"0","name":"eventBus"}}
{"__type":"$$EventMessageAudit","id":"a94f7c1f-ccf3-4587-8f75-4534708aa0a7","ts":"2026-04-02T01:25:38.216+00:00","eventName":"n8n.audit.workflow.updated","message":"n8n.audit.workflow.updated","payload":{"userId":"a8fb72ae-6563-4643-8d33-647eaf892056","_email":"juanprueba05114@gmail.com","_firstName":"Juan David","_lastName":"Zuluaga","globalRole":"global:owner","workflowId":"yo7acx6zWw34XmlN","workflowName":"prueba_tcc"}}
{"__type":"$$EventMessageConfirm","confirm":"a94f7c1f-ccf3-4587-8f75-4534708aa0a7","ts":"2026-04-02T01:25:38.216+00:00","source":{"id":"0","name":"eventBus"}}
{"__type":"$$EventMessageAudit","id":"383ef766-acd7-4c68-a874-d5c6f1bcb48a","ts":"2026-04-02T01:25:58.784+00:00","eventName":"n8n.audit.workflow.updated","message":"n8n.audit.workflow.updated","payload":{"userId":"a8fb72ae-6563-4643-8d33-647eaf892056","_email":"juanprueba05114@gmail.com","_firstName":"Juan David","_lastName":"Zuluaga","globalRole":"global:owner","workflowId":"yo7acx6zWw34XmlN","workflowName":"prueba_tcc"}}
{"__type":"$$EventMessageConfirm","confirm":"383ef766-acd7-4c68-a874-d5c6f1bcb48a","ts":"2026-04-02T01:25:58.784+00:00","source":{"id":"0","name":"eventBus"}}
{"__type":"$$EventMessageAudit","id":"5652c02b-3aea-4eba-81a7-07da79936e3a","ts":"2026-04-02T01:26:01.074+00:00","eventName":"n8n.audit.workflow.updated","message":"n8n.audit.workflow.updated","payload":{"userId":"a8fb72ae-6563-4643-8d33-647eaf892056","_email":"juanprueba05114@gmail.com","_firstName":"Juan David","_lastName":"Zuluaga","globalRole":"global:owner","workflowId":"yo7acx6zWw34XmlN","workflowName":"prueba_tcc"}}
{"__type":"$$EventMessageConfirm","confirm":"5652c02b-3aea-4eba-81a7-07da79936e3a","ts":"2026-04-02T01:26:01.074+00:00","source":{"id":"0","name":"eventBus"}}
{"__type":"$$EventMessageAudit","id":"cce4110f-3dcd-4f8d-9a16-41b81ad37d29","ts":"2026-04-02T01:26:06.504+00:00","eventName":"n8n.audit.workflow.updated","message":"n8n.audit.workflow.updated","payload":{"userId":"a8fb72ae-6563-4643-8d33-647eaf892056","_email":"juanprueba05114@gmail.com","_firstName":"Juan David","_lastName":"Zuluaga","globalRole":"global:owner","workflowId":"yo7acx6zWw34XmlN","workflowName":"prueba_tcc"}}
{"__type":"$$EventMessageConfirm","confirm":"cce4110f-3dcd-4f8d-9a16-41b81ad37d29","ts":"2026-04-02T01:26:06.504+00:00","source":{"id":"0","name":"eventBus"}}
{"__type":"$$EventMessageAudit","id":"92fa0bbf-8df9-40d9-9001-1b9821bbf373","ts":"2026-04-02T01:26:13.605+00:00","eventName":"n8n.audit.workflow.updated","message":"n8n.audit.workflow.updated","payload":{"userId":"a8fb72ae-6563-4643-8d33-647eaf892056","_email":"juanprueba05114@gmail.com","_firstName":"Juan David","_lastName":"Zuluaga","globalRole":"global:owner","workflowId":"yo7acx6zWw34XmlN","workflowName":"prueba_tcc"}}
{"__type":"$$EventMessageConfirm","confirm":"92fa0bbf-8df9-40d9-9001-1b9821bbf373","ts":"2026-04-02T01:26:13.605+00:00","source":{"id":"0","name":"eventBus"}}
{"__type":"$$EventMessageAudit","id":"8a612b2b-b759-43f0-a0ea-01b3ef22e223","ts":"2026-04-02T01:26:21.278+00:00","eventName":"n8n.audit.workflow.updated","message":"n8n.audit.workflow.updated","payload":{"userId":"a8fb72ae-6563-4643-8d33-647eaf892056","_email":"juanprueba05114@gmail.com","_firstName":"Juan David","_lastName":"Zuluaga","globalRole":"global:owner","workflowId":"yo7acx6zWw34XmlN","workflowName":"prueba_tcc"}}
{"__type":"$$EventMessageConfirm","confirm":"8a612b2b-b759-43f0-a0ea-01b3ef22e223","ts":"2026-04-02T01:26:21.279+00:00","source":{"id":"0","name":"eventBus"}}
{"__type":"$$EventMessageAudit","id":"c3ff95f2-ee72-4499-be7b-ab9bb76dc0d4","ts":"2026-04-02T01:27:37.441+00:00","eventName":"n8n.audit.workflow.updated","message":"n8n.audit.workflow.updated","payload":{"userId":"a8fb72ae-6563-4643-8d33-647eaf892056","_email":"juanprueba05114@gmail.com","_firstName":"Juan David","_lastName":"Zuluaga","globalRole":"global:owner","workflowId":"yo7acx6zWw34XmlN","workflowName":"prueba_tcc"}}
{"__type":"$$EventMessageConfirm","confirm":"c3ff95f2-ee72-4499-be7b-ab9bb76dc0d4","ts":"2026-04-02T01:27:37.442+00:00","source":{"id":"0","name":"eventBus"}}
{"__type":"$$EventMessageWorkflow","id":"1570ec4a-e6d2-4a84-9bda-ffb51139dca3","ts":"2026-04-02T01:27:51.654+00:00","eventName":"n8n.workflow.started","message":"n8n.workflow.started","payload":{"executionId":"1","workflowId":"yo7acx6zWw34XmlN","isManual":false,"mode":"manual","workflowName":"prueba_tcc"}}
{"__type":"$$EventMessageConfirm","confirm":"1570ec4a-e6d2-4a84-9bda-ffb51139dca3","ts":"2026-04-02T01:27:51.654+00:00","source":{"id":"0","name":"eventBus"}}
{"__type":"$$EventMessageAudit","id":"b840e2f4-0a17-4ec2-849d-95153853bb57","ts":"2026-04-02T01:27:51.655+00:00","eventName":"n8n.audit.workflow.executed","message":"n8n.audit.workflow.executed","payload":{"userId":"a8fb72ae-6563-4643-8d33-647eaf892056","_email":"juanprueba05114@gmail.com","_firstName":"Juan David","_lastName":"Zuluaga","globalRole":"global:owner","workflowId":"yo7acx6zWw34XmlN","workflowName":"prueba_tcc","executionId":"1","source":"user-manual"}}
{"__type":"$$EventMessageConfirm","confirm":"b840e2f4-0a17-4ec2-849d-95153853bb57","ts":"2026-04-02T01:27:51.656+00:00","source":{"id":"0","name":"eventBus"}}
{"__type":"$$EventMessageNode","id":"7dd2a743-461f-40a2-9771-f78f94d92f0c","ts":"2026-04-02T01:27:51.674+00:00","eventName":"n8n.node.started","message":"n8n.node.started","payload":{"workflowId":"yo7acx6zWw34XmlN","workflowName":"prueba_tcc","executionId":"1","nodeType":"n8n-nodes-base.manualTrigger","nodeName":"When clicking ‘Execute workflow’","nodeId":"bea73eb0-35a4-4dbc-b4be-394b68e1807f"}}
{"__type":"$$EventMessageConfirm","confirm":"7dd2a743-461f-40a2-9771-f78f94d92f0c","ts":"2026-04-02T01:27:51.675+00:00","source":{"id":"0","name":"eventBus"}}
{"__type":"$$EventMessageNode","id":"2349321e-d839-440a-bb28-5291f4830551","ts":"2026-04-02T01:27:51.678+00:00","eventName":"n8n.node.finished","message":"n8n.node.finished","payload":{"workflowId":"yo7acx6zWw34XmlN","workflowName":"prueba_tcc","executionId":"1","nodeType":"n8n-nodes-base.manualTrigger","nodeName":"When clicking ‘Execute workflow’","nodeId":"bea73eb0-35a4-4dbc-b4be-394b68e1807f"}}
{"__type":"$$EventMessageConfirm","confirm":"2349321e-d839-440a-bb28-5291f4830551","ts":"2026-04-02T01:27:51.679+00:00","source":{"id":"0","name":"eventBus"}}
{"__type":"$$EventMessageNode","id":"02487227-ae9e-4f1e-8176-78598b1902b1","ts":"2026-04-02T01:27:51.680+00:00","eventName":"n8n.node.started","message":"n8n.node.started","payload":{"workflowId":"yo7acx6zWw34XmlN","workflowName":"prueba_tcc","executionId":"1","nodeType":"n8n-nodes-base.gmail","nodeName":"Get many messages","nodeId":"9846d98b-e0be-4d81-bfee-b25834741b96"}}
{"__type":"$$EventMessageConfirm","confirm":"02487227-ae9e-4f1e-8176-78598b1902b1","ts":"2026-04-02T01:27:51.680+00:00","source":{"id":"0","name":"eventBus"}}
{"__type":"$$EventMessageNode","id":"81e744f3-fe46-4cce-8ee6-9ef9e92197b0","ts":"2026-04-02T01:27:52.265+00:00","eventName":"n8n.node.finished","message":"n8n.node.finished","payload":{"workflowId":"yo7acx6zWw34XmlN","workflowName":"prueba_tcc","executionId":"1","nodeType":"n8n-nodes-base.gmail","nodeName":"Get many messages","nodeId":"9846d98b-e0be-4d81-bfee-b25834741b96"}}
{"__type":"$$EventMessageConfirm","confirm":"81e744f3-fe46-4cce-8ee6-9ef9e92197b0","ts":"2026-04-02T01:27:52.265+00:00","source":{"id":"0","name":"eventBus"}}
{"__type":"$$EventMessageWorkflow","id":"b0354b4d-bb63-431a-9bb6-bec3ec2b3a6d","ts":"2026-04-02T01:27:52.282+00:00","eventName":"n8n.workflow.success","message":"n8n.workflow.success","payload":{"userId":"a8fb72ae-6563-4643-8d33-647eaf892056","executionId":"1","success":true,"isManual":true,"mode":"manual","workflowId":"yo7acx6zWw34XmlN","workflowName":"prueba_tcc"}}
{"__type":"$$EventMessageConfirm","confirm":"b0354b4d-bb63-431a-9bb6-bec3ec2b3a6d","ts":"2026-04-02T01:27:52.282+00:00","source":{"id":"0","name":"eventBus"}}
{"__type":"$$EventMessageWorkflow","id":"38d81bb4-1dd2-4a64-8a7c-95c28702bf34","ts":"2026-04-02T01:30:17.436+00:00","eventName":"n8n.workflow.started","message":"n8n.workflow.started","payload":{"executionId":"2","workflowId":"yo7acx6zWw34XmlN","isManual":false,"mode":"manual","workflowName":"prueba_tcc"}}
{"__type":"$$EventMessageConfirm","confirm":"38d81bb4-1dd2-4a64-8a7c-95c28702bf34","ts":"2026-04-02T01:30:17.436+00:00","source":{"id":"0","name":"eventBus"}}
{"__type":"$$EventMessageAudit","id":"4318a8bb-9b6f-48e7-ab8c-e9fbf97457c7","ts":"2026-04-02T01:30:17.437+00:00","eventName":"n8n.audit.workflow.executed","message":"n8n.audit.workflow.executed","payload":{"userId":"a8fb72ae-6563-4643-8d33-647eaf892056","_email":"juanprueba05114@gmail.com","_firstName":"Juan David","_lastName":"Zuluaga","globalRole":"global:owner","workflowId":"yo7acx6zWw34XmlN","workflowName":"prueba_tcc","executionId":"2","source":"user-manual"}}
{"__type":"$$EventMessageConfirm","confirm":"4318a8bb-9b6f-48e7-ab8c-e9fbf97457c7","ts":"2026-04-02T01:30:17.437+00:00","source":{"id":"0","name":"eventBus"}}
{"__type":"$$EventMessageNode","id":"4822aee6-0e49-41f2-bef5-01550850ef15","ts":"2026-04-02T01:30:17.456+00:00","eventName":"n8n.node.started","message":"n8n.node.started","payload":{"workflowId":"yo7acx6zWw34XmlN","workflowName":"prueba_tcc","executionId":"2","nodeType":"n8n-nodes-base.gmail","nodeName":"Get many messages","nodeId":"9846d98b-e0be-4d81-bfee-b25834741b96"}}
{"__type":"$$EventMessageConfirm","confirm":"4822aee6-0e49-41f2-bef5-01550850ef15","ts":"2026-04-02T01:30:17.456+00:00","source":{"id":"0","name":"eventBus"}}
{"__type":"$$EventMessageNode","id":"6aacaf0b-8658-4072-b791-c88ce9a88c22","ts":"2026-04-02T01:30:18.240+00:00","eventName":"n8n.node.finished","message":"n8n.node.finished","payload":{"workflowId":"yo7acx6zWw34XmlN","workflowName":"prueba_tcc","executionId":"2","nodeType":"n8n-nodes-base.gmail","nodeName":"Get many messages","nodeId":"9846d98b-e0be-4d81-bfee-b25834741b96"}}
{"__type":"$$EventMessageConfirm","confirm":"6aacaf0b-8658-4072-b791-c88ce9a88c22","ts":"2026-04-02T01:30:18.240+00:00","source":{"id":"0","name":"eventBus"}}
{"__type":"$$EventMessageWorkflow","id":"7cee7ff5-5132-479f-b394-c57c494f348f","ts":"2026-04-02T01:30:18.249+00:00","eventName":"n8n.workflow.success","message":"n8n.workflow.success","payload":{"userId":"a8fb72ae-6563-4643-8d33-647eaf892056","executionId":"2","success":true,"isManual":true,"mode":"manual","workflowId":"yo7acx6zWw34XmlN","workflowName":"prueba_tcc"}}
{"__type":"$$EventMessageConfirm","confirm":"7cee7ff5-5132-479f-b394-c57c494f348f","ts":"2026-04-02T01:30:18.251+00:00","source":{"id":"0","name":"eventBus"}}
{"__type":"$$EventMessageAudit","id":"3a937710-c162-4b2f-b95b-aa7786fc3851","ts":"2026-04-02T01:31:59.217+00:00","eventName":"n8n.audit.workflow.updated","message":"n8n.audit.workflow.updated","payload":{"userId":"a8fb72ae-6563-4643-8d33-647eaf892056","_email":"juanprueba05114@gmail.com","_firstName":"Juan David","_lastName":"Zuluaga","globalRole":"global:owner","workflowId":"yo7acx6zWw34XmlN","workflowName":"prueba_tcc"}}
{"__type":"$$EventMessageConfirm","confirm":"3a937710-c162-4b2f-b95b-aa7786fc3851","ts":"2026-04-02T01:31:59.217+00:00","source":{"id":"0","name":"eventBus"}}
{"__type":"$$EventMessageAudit","id":"87d70c8b-e6d9-4a3e-8c80-edf9cab1ed76","ts":"2026-04-02T01:32:03.323+00:00","eventName":"n8n.audit.workflow.updated","message":"n8n.audit.workflow.updated","payload":{"userId":"a8fb72ae-6563-4643-8d33-647eaf892056","_email":"juanprueba05114@gmail.com","_firstName":"Juan David","_lastName":"Zuluaga","globalRole":"global:owner","workflowId":"yo7acx6zWw34XmlN","workflowName":"prueba_tcc"}}
{"__type":"$$EventMessageConfirm","confirm":"87d70c8b-e6d9-4a3e-8c80-edf9cab1ed76","ts":"2026-04-02T01:32:03.323+00:00","source":{"id":"0","name":"eventBus"}}
{"__type":"$$EventMessageWorkflow","id":"17832b2e-fdba-45d0-ae0b-a264ffb318fe","ts":"2026-04-02T01:32:04.202+00:00","eventName":"n8n.workflow.started","message":"n8n.workflow.started","payload":{"executionId":"3","workflowId":"yo7acx6zWw34XmlN","isManual":false,"mode":"manual","workflowName":"prueba_tcc"}}
{"__type":"$$EventMessageConfirm","confirm":"17832b2e-fdba-45d0-ae0b-a264ffb318fe","ts":"2026-04-02T01:32:04.202+00:00","source":{"id":"0","name":"eventBus"}}
{"__type":"$$EventMessageAudit","id":"102ff302-a65e-438e-af88-75ade9041bd8","ts":"2026-04-02T01:32:04.203+00:00","eventName":"n8n.audit.workflow.executed","message":"n8n.audit.workflow.executed","payload":{"userId":"a8fb72ae-6563-4643-8d33-647eaf892056","_email":"juanprueba05114@gmail.com","_firstName":"Juan David","_lastName":"Zuluaga","globalRole":"global:owner","workflowId":"yo7acx6zWw34XmlN","workflowName":"prueba_tcc","executionId":"3","source":"user-manual"}}
{"__type":"$$EventMessageConfirm","confirm":"102ff302-a65e-438e-af88-75ade9041bd8","ts":"2026-04-02T01:32:04.203+00:00","source":{"id":"0","name":"eventBus"}}
{"__type":"$$EventMessageNode","id":"7c809533-ab66-409f-9521-ebced4209033","ts":"2026-04-02T01:32:04.219+00:00","eventName":"n8n.node.started","message":"n8n.node.started","payload":{"workflowId":"yo7acx6zWw34XmlN","workflowName":"prueba_tcc","executionId":"3","nodeType":"n8n-nodes-base.code","nodeName":"Code in Python","nodeId":"1f078c7e-1d43-485f-844f-9fa741778e10"}}
{"__type":"$$EventMessageConfirm","confirm":"7c809533-ab66-409f-9521-ebced4209033","ts":"2026-04-02T01:32:04.219+00:00","source":{"id":"0","name":"eventBus"}}
{"__type":"$$EventMessageNode","id":"181a6b39-8310-4b4e-aafe-53940225d799","ts":"2026-04-02T01:32:04.254+00:00","eventName":"n8n.node.finished","message":"n8n.node.finished","payload":{"workflowId":"yo7acx6zWw34XmlN","workflowName":"prueba_tcc","executionId":"3","nodeType":"n8n-nodes-base.code","nodeName":"Code in Python","nodeId":"1f078c7e-1d43-485f-844f-9fa741778e10"}}
{"__type":"$$EventMessageConfirm","confirm":"181a6b39-8310-4b4e-aafe-53940225d799","ts":"2026-04-02T01:32:04.254+00:00","source":{"id":"0","name":"eventBus"}}
{"__type":"$$EventMessageWorkflow","id":"1794256b-a81b-4302-a2be-cc1ceb6e2387","ts":"2026-04-02T01:32:04.258+00:00","eventName":"n8n.workflow.failed","message":"n8n.workflow.failed","payload":{"userId":"a8fb72ae-6563-4643-8d33-647eaf892056","executionId":"3","success":false,"isManual":true,"mode":"manual","workflowId":"yo7acx6zWw34XmlN","workflowName":"prueba_tcc","lastNodeExecuted":"Code in Python","errorMessage":"Python runner unavailable: Python 3 is missing from this system"}}
{"__type":"$$EventMessageConfirm","confirm":"1794256b-a81b-4302-a2be-cc1ceb6e2387","ts":"2026-04-02T01:32:04.258+00:00","source":{"id":"0","name":"eventBus"}}
