{"__type":"$$EventMessageAudit","id":"f4fa25ec-43cc-4ea1-b34d-456b5e8ab5bf","ts":"2026-04-02T18:48:51.549+00:00","eventName":"n8n.audit.workflow.updated","message":"n8n.audit.workflow.updated","payload":{"userId":"a8fb72ae-6563-4643-8d33-647eaf892056","_email":"juanprueba05114@gmail.com","_firstName":"Juan David","_lastName":"Zuluaga","globalRole":"global:owner","workflowId":"yo7acx6zWw34XmlN","workflowName":"prueba_tcc"}}
{"__type":"$$EventMessageConfirm","confirm":"f4fa25ec-43cc-4ea1-b34d-456b5e8ab5bf","ts":"2026-04-02T18:48:51.552+00:00","source":{"id":"0","name":"eventBus"}}
{"__type":"$$EventMessageAudit","id":"bdfd9bac-de58-4dc2-b886-dae38700691d","ts":"2026-04-02T18:49:00.625+00:00","eventName":"n8n.audit.workflow.updated","message":"n8n.audit.workflow.updated","payload":{"userId":"a8fb72ae-6563-4643-8d33-647eaf892056","_email":"juanprueba05114@gmail.com","_firstName":"Juan David","_lastName":"Zuluaga","globalRole":"global:owner","workflowId":"yo7acx6zWw34XmlN","workflowName":"prueba_tcc"}}
{"__type":"$$EventMessageConfirm","confirm":"bdfd9bac-de58-4dc2-b886-dae38700691d","ts":"2026-04-02T18:49:00.625+00:00","source":{"id":"0","name":"eventBus"}}
{"__type":"$$EventMessageWorkflow","id":"d7245af4-5465-462a-87db-875d596ad664","ts":"2026-04-02T19:01:13.421+00:00","eventName":"n8n.workflow.started","message":"n8n.workflow.started","payload":{"executionId":"4","workflowId":"yo7acx6zWw34XmlN","isManual":false,"mode":"manual","workflowName":"prueba_tcc"}}
{"__type":"$$EventMessageConfirm","confirm":"d7245af4-5465-462a-87db-875d596ad664","ts":"2026-04-02T19:01:13.422+00:00","source":{"id":"0","name":"eventBus"}}
{"__type":"$$EventMessageAudit","id":"1e335a94-70ed-4388-b033-f35b8ecc3ce7","ts":"2026-04-02T19:01:13.423+00:00","eventName":"n8n.audit.workflow.executed","message":"n8n.audit.workflow.executed","payload":{"userId":"a8fb72ae-6563-4643-8d33-647eaf892056","_email":"juanprueba05114@gmail.com","_firstName":"Juan David","_lastName":"Zuluaga","globalRole":"global:owner","workflowId":"yo7acx6zWw34XmlN","workflowName":"prueba_tcc","executionId":"4","source":"user-manual"}}
{"__type":"$$EventMessageConfirm","confirm":"1e335a94-70ed-4388-b033-f35b8ecc3ce7","ts":"2026-04-02T19:01:13.423+00:00","source":{"id":"0","name":"eventBus"}}
{"__type":"$$EventMessageNode","id":"09f16f96-d410-4ec5-9d9f-814d5f6c7657","ts":"2026-04-02T19:01:13.443+00:00","eventName":"n8n.node.started","message":"n8n.node.started","payload":{"workflowId":"yo7acx6zWw34XmlN","workflowName":"prueba_tcc","executionId":"4","nodeType":"n8n-nodes-base.manualTrigger","nodeName":"When clicking ‘Execute workflow’","nodeId":"bea73eb0-35a4-4dbc-b4be-394b68e1807f"}}
{"__type":"$$EventMessageConfirm","confirm":"09f16f96-d410-4ec5-9d9f-814d5f6c7657","ts":"2026-04-02T19:01:13.444+00:00","source":{"id":"0","name":"eventBus"}}
{"__type":"$$EventMessageNode","id":"42e0b776-0aa1-459f-947d-7eca8a2c0086","ts":"2026-04-02T19:01:13.450+00:00","eventName":"n8n.node.finished","message":"n8n.node.finished","payload":{"workflowId":"yo7acx6zWw34XmlN","workflowName":"prueba_tcc","executionId":"4","nodeType":"n8n-nodes-base.manualTrigger","nodeName":"When clicking ‘Execute workflow’","nodeId":"bea73eb0-35a4-4dbc-b4be-394b68e1807f"}}
{"__type":"$$EventMessageConfirm","confirm":"42e0b776-0aa1-459f-947d-7eca8a2c0086","ts":"2026-04-02T19:01:13.450+00:00","source":{"id":"0","name":"eventBus"}}
{"__type":"$$EventMessageNode","id":"234796af-e778-49fa-90cb-b7a7838faba7","ts":"2026-04-02T19:01:13.452+00:00","eventName":"n8n.node.started","message":"n8n.node.started","payload":{"workflowId":"yo7acx6zWw34XmlN","workflowName":"prueba_tcc","executionId":"4","nodeType":"n8n-nodes-base.gmail","nodeName":"Get many messages","nodeId":"9846d98b-e0be-4d81-bfee-b25834741b96"}}
{"__type":"$$EventMessageConfirm","confirm":"234796af-e778-49fa-90cb-b7a7838faba7","ts":"2026-04-02T19:01:13.452+00:00","source":{"id":"0","name":"eventBus"}}
{"__type":"$$EventMessageNode","id":"1be58bec-b771-417f-8674-624525897842","ts":"2026-04-02T19:01:13.872+00:00","eventName":"n8n.node.finished","message":"n8n.node.finished","payload":{"workflowId":"yo7acx6zWw34XmlN","workflowName":"prueba_tcc","executionId":"4","nodeType":"n8n-nodes-base.gmail","nodeName":"Get many messages","nodeId":"9846d98b-e0be-4d81-bfee-b25834741b96"}}
{"__type":"$$EventMessageConfirm","confirm":"1be58bec-b771-417f-8674-624525897842","ts":"2026-04-02T19:01:13.872+00:00","source":{"id":"0","name":"eventBus"}}
{"__type":"$$EventMessageWorkflow","id":"cc8d01bf-3a2b-4999-a152-958b222bbe3a","ts":"2026-04-02T19:01:13.882+00:00","eventName":"n8n.workflow.failed","message":"n8n.workflow.failed","payload":{"userId":"a8fb72ae-6563-4643-8d33-647eaf892056","executionId":"4","success":false,"isManual":true,"mode":"manual","workflowId":"yo7acx6zWw34XmlN","workflowName":"prueba_tcc","lastNodeExecuted":"Get many messages","errorNodeType":"n8n-nodes-base.gmail","errorMessage":"Client authentication failed (e.g., unknown client, no client authentication included, or unsupported authentication method). (item 0)"}}
{"__type":"$$EventMessageConfirm","confirm":"cc8d01bf-3a2b-4999-a152-958b222bbe3a","ts":"2026-04-02T19:01:13.882+00:00","source":{"id":"0","name":"eventBus"}}
{"__type":"$$EventMessageAudit","id":"ec71b73d-8e03-4adb-b63a-3376268f6e4b","ts":"2026-04-02T19:01:19.966+00:00","eventName":"n8n.audit.workflow.updated","message":"n8n.audit.workflow.updated","payload":{"userId":"a8fb72ae-6563-4643-8d33-647eaf892056","_email":"juanprueba05114@gmail.com","_firstName":"Juan David","_lastName":"Zuluaga","globalRole":"global:owner","workflowId":"yo7acx6zWw34XmlN","workflowName":"prueba_tcc"}}
{"__type":"$$EventMessageConfirm","confirm":"ec71b73d-8e03-4adb-b63a-3376268f6e4b","ts":"2026-04-02T19:01:19.966+00:00","source":{"id":"0","name":"eventBus"}}
{"__type":"$$EventMessageAudit","id":"f992d5d0-b29f-407a-8620-8a5a82cb0774","ts":"2026-04-02T19:03:39.622+00:00","eventName":"n8n.audit.workflow.updated","message":"n8n.audit.workflow.updated","payload":{"userId":"a8fb72ae-6563-4643-8d33-647eaf892056","_email":"juanprueba05114@gmail.com","_firstName":"Juan David","_lastName":"Zuluaga","globalRole":"global:owner","workflowId":"yo7acx6zWw34XmlN","workflowName":"prueba_tcc"}}
{"__type":"$$EventMessageConfirm","confirm":"f992d5d0-b29f-407a-8620-8a5a82cb0774","ts":"2026-04-02T19:03:39.622+00:00","source":{"id":"0","name":"eventBus"}}
{"__type":"$$EventMessageAudit","id":"ee916a22-4ba6-4aca-9c5c-58dc601c85e0","ts":"2026-04-02T19:03:47.439+00:00","eventName":"n8n.audit.workflow.updated","message":"n8n.audit.workflow.updated","payload":{"userId":"a8fb72ae-6563-4643-8d33-647eaf892056","_email":"juanprueba05114@gmail.com","_firstName":"Juan David","_lastName":"Zuluaga","globalRole":"global:owner","workflowId":"yo7acx6zWw34XmlN","workflowName":"prueba_tcc"}}
{"__type":"$$EventMessageConfirm","confirm":"ee916a22-4ba6-4aca-9c5c-58dc601c85e0","ts":"2026-04-02T19:03:47.439+00:00","source":{"id":"0","name":"eventBus"}}
{"__type":"$$EventMessageAudit","id":"231cadeb-6ced-4593-ae81-2ad621209253","ts":"2026-04-02T19:03:52.483+00:00","eventName":"n8n.audit.workflow.updated","message":"n8n.audit.workflow.updated","payload":{"userId":"a8fb72ae-6563-4643-8d33-647eaf892056","_email":"juanprueba05114@gmail.com","_firstName":"Juan David","_lastName":"Zuluaga","globalRole":"global:owner","workflowId":"yo7acx6zWw34XmlN","workflowName":"prueba_tcc"}}
{"__type":"$$EventMessageConfirm","confirm":"231cadeb-6ced-4593-ae81-2ad621209253","ts":"2026-04-02T19:03:52.483+00:00","source":{"id":"0","name":"eventBus"}}
{"__type":"$$EventMessageAudit","id":"2587c86f-d977-4abb-b6ec-da88e4bd1976","ts":"2026-04-02T19:03:55.862+00:00","eventName":"n8n.audit.workflow.updated","message":"n8n.audit.workflow.updated","payload":{"userId":"a8fb72ae-6563-4643-8d33-647eaf892056","_email":"juanprueba05114@gmail.com","_firstName":"Juan David","_lastName":"Zuluaga","globalRole":"global:owner","workflowId":"yo7acx6zWw34XmlN","workflowName":"prueba_tcc"}}
{"__type":"$$EventMessageConfirm","confirm":"2587c86f-d977-4abb-b6ec-da88e4bd1976","ts":"2026-04-02T19:03:55.862+00:00","source":{"id":"0","name":"eventBus"}}
{"__type":"$$EventMessageAudit","id":"0e75675d-ca2e-4d40-8d31-dc41423b5bfb","ts":"2026-04-02T19:03:57.814+00:00","eventName":"n8n.audit.workflow.updated","message":"n8n.audit.workflow.updated","payload":{"userId":"a8fb72ae-6563-4643-8d33-647eaf892056","_email":"juanprueba05114@gmail.com","_firstName":"Juan David","_lastName":"Zuluaga","globalRole":"global:owner","workflowId":"yo7acx6zWw34XmlN","workflowName":"prueba_tcc"}}
{"__type":"$$EventMessageConfirm","confirm":"0e75675d-ca2e-4d40-8d31-dc41423b5bfb","ts":"2026-04-02T19:03:57.814+00:00","source":{"id":"0","name":"eventBus"}}
{"__type":"$$EventMessageAudit","id":"9d5c7067-d242-4301-8cab-78719932555b","ts":"2026-04-02T19:04:01.767+00:00","eventName":"n8n.audit.workflow.updated","message":"n8n.audit.workflow.updated","payload":{"userId":"a8fb72ae-6563-4643-8d33-647eaf892056","_email":"juanprueba05114@gmail.com","_firstName":"Juan David","_lastName":"Zuluaga","globalRole":"global:owner","workflowId":"yo7acx6zWw34XmlN","workflowName":"prueba_tcc"}}
{"__type":"$$EventMessageConfirm","confirm":"9d5c7067-d242-4301-8cab-78719932555b","ts":"2026-04-02T19:04:01.767+00:00","source":{"id":"0","name":"eventBus"}}
{"__type":"$$EventMessageAudit","id":"b9f26d80-fb1c-45f9-a493-b5c4bfa66561","ts":"2026-04-02T19:04:12.057+00:00","eventName":"n8n.audit.workflow.updated","message":"n8n.audit.workflow.updated","payload":{"userId":"a8fb72ae-6563-4643-8d33-647eaf892056","_email":"juanprueba05114@gmail.com","_firstName":"Juan David","_lastName":"Zuluaga","globalRole":"global:owner","workflowId":"yo7acx6zWw34XmlN","workflowName":"prueba_tcc"}}
{"__type":"$$EventMessageConfirm","confirm":"b9f26d80-fb1c-45f9-a493-b5c4bfa66561","ts":"2026-04-02T19:04:12.057+00:00","source":{"id":"0","name":"eventBus"}}
{"__type":"$$EventMessageAudit","id":"99d16206-645a-4a18-9784-67a72e6c9c0e","ts":"2026-04-02T19:04:38.823+00:00","eventName":"n8n.audit.workflow.updated","message":"n8n.audit.workflow.updated","payload":{"userId":"a8fb72ae-6563-4643-8d33-647eaf892056","_email":"juanprueba05114@gmail.com","_firstName":"Juan David","_lastName":"Zuluaga","globalRole":"global:owner","workflowId":"yo7acx6zWw34XmlN","workflowName":"prueba_tcc"}}
{"__type":"$$EventMessageConfirm","confirm":"99d16206-645a-4a18-9784-67a72e6c9c0e","ts":"2026-04-02T19:04:38.823+00:00","source":{"id":"0","name":"eventBus"}}
{"__type":"$$EventMessageAudit","id":"808d3fa5-0db1-43c0-a377-00b469c52d68","ts":"2026-04-02T19:04:44.352+00:00","eventName":"n8n.audit.workflow.updated","message":"n8n.audit.workflow.updated","payload":{"userId":"a8fb72ae-6563-4643-8d33-647eaf892056","_email":"juanprueba05114@gmail.com","_firstName":"Juan David","_lastName":"Zuluaga","globalRole":"global:owner","workflowId":"yo7acx6zWw34XmlN","workflowName":"prueba_tcc"}}
{"__type":"$$EventMessageConfirm","confirm":"808d3fa5-0db1-43c0-a377-00b469c52d68","ts":"2026-04-02T19:04:44.353+00:00","source":{"id":"0","name":"eventBus"}}
{"__type":"$$EventMessageAudit","id":"ee40c563-5950-42b2-9071-795b10eb9b02","ts":"2026-04-02T19:04:49.866+00:00","eventName":"n8n.audit.workflow.updated","message":"n8n.audit.workflow.updated","payload":{"userId":"a8fb72ae-6563-4643-8d33-647eaf892056","_email":"juanprueba05114@gmail.com","_firstName":"Juan David","_lastName":"Zuluaga","globalRole":"global:owner","workflowId":"yo7acx6zWw34XmlN","workflowName":"prueba_tcc"}}
{"__type":"$$EventMessageConfirm","confirm":"ee40c563-5950-42b2-9071-795b10eb9b02","ts":"2026-04-02T19:04:49.866+00:00","source":{"id":"0","name":"eventBus"}}
{"__type":"$$EventMessageAudit","id":"4c6a5737-d493-4fce-adca-85acb838a813","ts":"2026-04-02T19:04:54.854+00:00","eventName":"n8n.audit.workflow.updated","message":"n8n.audit.workflow.updated","payload":{"userId":"a8fb72ae-6563-4643-8d33-647eaf892056","_email":"juanprueba05114@gmail.com","_firstName":"Juan David","_lastName":"Zuluaga","globalRole":"global:owner","workflowId":"yo7acx6zWw34XmlN","workflowName":"prueba_tcc"}}
{"__type":"$$EventMessageConfirm","confirm":"4c6a5737-d493-4fce-adca-85acb838a813","ts":"2026-04-02T19:04:54.855+00:00","source":{"id":"0","name":"eventBus"}}
{"__type":"$$EventMessageAudit","id":"fbced29b-0b3c-439d-8c17-610d4da0432e","ts":"2026-04-02T19:05:01.996+00:00","eventName":"n8n.audit.workflow.updated","message":"n8n.audit.workflow.updated","payload":{"userId":"a8fb72ae-6563-4643-8d33-647eaf892056","_email":"juanprueba05114@gmail.com","_firstName":"Juan David","_lastName":"Zuluaga","globalRole":"global:owner","workflowId":"yo7acx6zWw34XmlN","workflowName":"prueba_tcc"}}
{"__type":"$$EventMessageConfirm","confirm":"fbced29b-0b3c-439d-8c17-610d4da0432e","ts":"2026-04-02T19:05:01.996+00:00","source":{"id":"0","name":"eventBus"}}
{"__type":"$$EventMessageAudit","id":"6d536040-4e66-4ee1-aa79-5f65ceb5e3f2","ts":"2026-04-02T19:05:28.182+00:00","eventName":"n8n.audit.workflow.updated","message":"n8n.audit.workflow.updated","payload":{"userId":"a8fb72ae-6563-4643-8d33-647eaf892056","_email":"juanprueba05114@gmail.com","_firstName":"Juan David","_lastName":"Zuluaga","globalRole":"global:owner","workflowId":"yo7acx6zWw34XmlN","workflowName":"prueba_tcc"}}
{"__type":"$$EventMessageConfirm","confirm":"6d536040-4e66-4ee1-aa79-5f65ceb5e3f2","ts":"2026-04-02T19:05:28.182+00:00","source":{"id":"0","name":"eventBus"}}
{"__type":"$$EventMessageAudit","id":"ea2e56fe-64fb-4b1b-b119-4c2a72b7c86a","ts":"2026-04-02T19:05:30.974+00:00","eventName":"n8n.audit.workflow.updated","message":"n8n.audit.workflow.updated","payload":{"userId":"a8fb72ae-6563-4643-8d33-647eaf892056","_email":"juanprueba05114@gmail.com","_firstName":"Juan David","_lastName":"Zuluaga","globalRole":"global:owner","workflowId":"yo7acx6zWw34XmlN","workflowName":"prueba_tcc"}}
{"__type":"$$EventMessageConfirm","confirm":"ea2e56fe-64fb-4b1b-b119-4c2a72b7c86a","ts":"2026-04-02T19:05:30.974+00:00","source":{"id":"0","name":"eventBus"}}
{"__type":"$$EventMessageAudit","id":"0a294f02-308a-4e98-bfe7-e8e79525c81c","ts":"2026-04-02T19:05:33.697+00:00","eventName":"n8n.audit.workflow.updated","message":"n8n.audit.workflow.updated","payload":{"userId":"a8fb72ae-6563-4643-8d33-647eaf892056","_email":"juanprueba05114@gmail.com","_firstName":"Juan David","_lastName":"Zuluaga","globalRole":"global:owner","workflowId":"yo7acx6zWw34XmlN","workflowName":"prueba_tcc"}}
{"__type":"$$EventMessageConfirm","confirm":"0a294f02-308a-4e98-bfe7-e8e79525c81c","ts":"2026-04-02T19:05:33.697+00:00","source":{"id":"0","name":"eventBus"}}
{"__type":"$$EventMessageAudit","id":"74e29c5e-0211-4524-a493-371bb6213116","ts":"2026-04-02T19:06:09.469+00:00","eventName":"n8n.audit.workflow.updated","message":"n8n.audit.workflow.updated","payload":{"userId":"a8fb72ae-6563-4643-8d33-647eaf892056","_email":"juanprueba05114@gmail.com","_firstName":"Juan David","_lastName":"Zuluaga","globalRole":"global:owner","workflowId":"yo7acx6zWw34XmlN","workflowName":"prueba_tcc"}}
{"__type":"$$EventMessageConfirm","confirm":"74e29c5e-0211-4524-a493-371bb6213116","ts":"2026-04-02T19:06:09.469+00:00","source":{"id":"0","name":"eventBus"}}
{"__type":"$$EventMessageAudit","id":"70c2f50a-4775-454b-98a3-0bf03245a9fc","ts":"2026-04-02T19:06:10.470+00:00","eventName":"n8n.audit.workflow.updated","message":"n8n.audit.workflow.updated","payload":{"userId":"a8fb72ae-6563-4643-8d33-647eaf892056","_email":"juanprueba05114@gmail.com","_firstName":"Juan David","_lastName":"Zuluaga","globalRole":"global:owner","workflowId":"yo7acx6zWw34XmlN","workflowName":"prueba_tcc"}}
{"__type":"$$EventMessageConfirm","confirm":"70c2f50a-4775-454b-98a3-0bf03245a9fc","ts":"2026-04-02T19:06:10.470+00:00","source":{"id":"0","name":"eventBus"}}
{"__type":"$$EventMessageAudit","id":"0afd7d40-b797-43d5-8d0b-ce175a658cae","ts":"2026-04-02T19:06:17.807+00:00","eventName":"n8n.audit.user.credentials.deleted","message":"n8n.audit.user.credentials.deleted","payload":{"userId":"a8fb72ae-6563-4643-8d33-647eaf892056","_email":"juanprueba05114@gmail.com","_firstName":"Juan David","_lastName":"Zuluaga","globalRole":"global:owner","credentialType":"gmailOAuth2","credentialId":"hvEmPyO5EHgPY1Bd"}}
{"__type":"$$EventMessageConfirm","confirm":"0afd7d40-b797-43d5-8d0b-ce175a658cae","ts":"2026-04-02T19:06:17.807+00:00","source":{"id":"0","name":"eventBus"}}
{"__type":"$$EventMessageAudit","id":"a4d7e7ac-58b9-46ec-8789-20df3034d2a9","ts":"2026-04-02T19:06:34.485+00:00","eventName":"n8n.audit.workflow.updated","message":"n8n.audit.workflow.updated","payload":{"userId":"a8fb72ae-6563-4643-8d33-647eaf892056","_email":"juanprueba05114@gmail.com","_firstName":"Juan David","_lastName":"Zuluaga","globalRole":"global:owner","workflowId":"yo7acx6zWw34XmlN","workflowName":"prueba_tcc"}}
{"__type":"$$EventMessageConfirm","confirm":"a4d7e7ac-58b9-46ec-8789-20df3034d2a9","ts":"2026-04-02T19:06:34.485+00:00","source":{"id":"0","name":"eventBus"}}
{"__type":"$$EventMessageAudit","id":"ddfb0c2d-752d-46ce-9958-5c02e2703e44","ts":"2026-04-02T19:06:38.150+00:00","eventName":"n8n.audit.workflow.updated","message":"n8n.audit.workflow.updated","payload":{"userId":"a8fb72ae-6563-4643-8d33-647eaf892056","_email":"juanprueba05114@gmail.com","_firstName":"Juan David","_lastName":"Zuluaga","globalRole":"global:owner","workflowId":"yo7acx6zWw34XmlN","workflowName":"prueba_tcc"}}
{"__type":"$$EventMessageConfirm","confirm":"ddfb0c2d-752d-46ce-9958-5c02e2703e44","ts":"2026-04-02T19:06:38.150+00:00","source":{"id":"0","name":"eventBus"}}
{"__type":"$$EventMessageAudit","id":"12d1e8eb-be4b-4b1e-aa92-4468130776d0","ts":"2026-04-02T19:06:42.354+00:00","eventName":"n8n.audit.workflow.updated","message":"n8n.audit.workflow.updated","payload":{"userId":"a8fb72ae-6563-4643-8d33-647eaf892056","_email":"juanprueba05114@gmail.com","_firstName":"Juan David","_lastName":"Zuluaga","globalRole":"global:owner","workflowId":"yo7acx6zWw34XmlN","workflowName":"prueba_tcc"}}
{"__type":"$$EventMessageConfirm","confirm":"12d1e8eb-be4b-4b1e-aa92-4468130776d0","ts":"2026-04-02T19:06:42.354+00:00","source":{"id":"0","name":"eventBus"}}
{"__type":"$$EventMessageAudit","id":"4c4b92d3-299f-45c2-9e91-84e47ca5bbf7","ts":"2026-04-02T19:06:47.870+00:00","eventName":"n8n.audit.workflow.updated","message":"n8n.audit.workflow.updated","payload":{"userId":"a8fb72ae-6563-4643-8d33-647eaf892056","_email":"juanprueba05114@gmail.com","_firstName":"Juan David","_lastName":"Zuluaga","globalRole":"global:owner","workflowId":"yo7acx6zWw34XmlN","workflowName":"prueba_tcc"}}
{"__type":"$$EventMessageConfirm","confirm":"4c4b92d3-299f-45c2-9e91-84e47ca5bbf7","ts":"2026-04-02T19:06:47.870+00:00","source":{"id":"0","name":"eventBus"}}
{"__type":"$$EventMessageAudit","id":"00b7e4b0-9666-48b7-bfc9-f1c4178b802e","ts":"2026-04-02T19:07:30.251+00:00","eventName":"n8n.audit.user.credentials.created","message":"n8n.audit.user.credentials.created","payload":{"userId":"a8fb72ae-6563-4643-8d33-647eaf892056","_email":"juanprueba05114@gmail.com","_firstName":"Juan David","_lastName":"Zuluaga","globalRole":"global:owner","credentialType":"gmailOAuth2","credentialId":"cs733VVwRSXF3pcH","publicApi":false,"projectId":"Rs8rIrcU5ntmwymZ","projectType":"personal","isDynamic":false}}
{"__type":"$$EventMessageConfirm","confirm":"00b7e4b0-9666-48b7-bfc9-f1c4178b802e","ts":"2026-04-02T19:07:30.251+00:00","source":{"id":"0","name":"eventBus"}}
{"__type":"$$EventMessageAudit","id":"0eef1de0-a9f9-422f-b8ad-04f673998f27","ts":"2026-04-02T19:07:31.841+00:00","eventName":"n8n.audit.workflow.updated","message":"n8n.audit.workflow.updated","payload":{"userId":"a8fb72ae-6563-4643-8d33-647eaf892056","_email":"juanprueba05114@gmail.com","_firstName":"Juan David","_lastName":"Zuluaga","globalRole":"global:owner","workflowId":"yo7acx6zWw34XmlN","workflowName":"prueba_tcc"}}
{"__type":"$$EventMessageConfirm","confirm":"0eef1de0-a9f9-422f-b8ad-04f673998f27","ts":"2026-04-02T19:07:31.841+00:00","source":{"id":"0","name":"eventBus"}}
{"__type":"$$EventMessageAudit","id":"d645760a-1793-4a38-85fb-73cf9a32d6f5","ts":"2026-04-02T19:08:18.322+00:00","eventName":"n8n.audit.user.execution.deleted","message":"n8n.audit.user.execution.deleted","payload":{"userId":"a8fb72ae-6563-4643-8d33-647eaf892056","_email":"juanprueba05114@gmail.com","_firstName":"Juan David","_lastName":"Zuluaga","globalRole":"global:owner","executionIds":["2","3","4"]}}
{"__type":"$$EventMessageConfirm","confirm":"d645760a-1793-4a38-85fb-73cf9a32d6f5","ts":"2026-04-02T19:08:18.322+00:00","source":{"id":"0","name":"eventBus"}}
{"__type":"$$EventMessageAudit","id":"4913f160-d789-4f2a-9839-7ef9a647d2fc","ts":"2026-04-02T19:08:39.246+00:00","eventName":"n8n.audit.workflow.updated","message":"n8n.audit.workflow.updated","payload":{"userId":"a8fb72ae-6563-4643-8d33-647eaf892056","_email":"juanprueba05114@gmail.com","_firstName":"Juan David","_lastName":"Zuluaga","globalRole":"global:owner","workflowId":"yo7acx6zWw34XmlN","workflowName":"prueba_tcc"}}
{"__type":"$$EventMessageConfirm","confirm":"4913f160-d789-4f2a-9839-7ef9a647d2fc","ts":"2026-04-02T19:08:39.246+00:00","source":{"id":"0","name":"eventBus"}}
{"__type":"$$EventMessageAudit","id":"3298a764-7ae5-4d51-9743-223fd500f3c0","ts":"2026-04-02T19:08:42.307+00:00","eventName":"n8n.audit.workflow.updated","message":"n8n.audit.workflow.updated","payload":{"userId":"a8fb72ae-6563-4643-8d33-647eaf892056","_email":"juanprueba05114@gmail.com","_firstName":"Juan David","_lastName":"Zuluaga","globalRole":"global:owner","workflowId":"yo7acx6zWw34XmlN","workflowName":"prueba_tcc"}}
{"__type":"$$EventMessageConfirm","confirm":"3298a764-7ae5-4d51-9743-223fd500f3c0","ts":"2026-04-02T19:08:42.307+00:00","source":{"id":"0","name":"eventBus"}}
{"__type":"$$EventMessageAudit","id":"64f15b4f-fbc1-423c-b70a-0ab3e39766f7","ts":"2026-04-02T19:09:13.317+00:00","eventName":"n8n.audit.workflow.updated","message":"n8n.audit.workflow.updated","payload":{"userId":"a8fb72ae-6563-4643-8d33-647eaf892056","_email":"juanprueba05114@gmail.com","_firstName":"Juan David","_lastName":"Zuluaga","globalRole":"global:owner","workflowId":"yo7acx6zWw34XmlN","workflowName":"prueba_tcc"}}
{"__type":"$$EventMessageConfirm","confirm":"64f15b4f-fbc1-423c-b70a-0ab3e39766f7","ts":"2026-04-02T19:09:13.317+00:00","source":{"id":"0","name":"eventBus"}}
{"__type":"$$EventMessageAudit","id":"0323c281-008e-4347-880b-96f84e50ee42","ts":"2026-04-02T19:09:20.521+00:00","eventName":"n8n.audit.workflow.updated","message":"n8n.audit.workflow.updated","payload":{"userId":"a8fb72ae-6563-4643-8d33-647eaf892056","_email":"juanprueba05114@gmail.com","_firstName":"Juan David","_lastName":"Zuluaga","globalRole":"global:owner","workflowId":"yo7acx6zWw34XmlN","workflowName":"prueba_tcc"}}
{"__type":"$$EventMessageConfirm","confirm":"0323c281-008e-4347-880b-96f84e50ee42","ts":"2026-04-02T19:09:20.522+00:00","source":{"id":"0","name":"eventBus"}}
{"__type":"$$EventMessageAudit","id":"0f6c02cc-df94-4a03-8d1b-6cffb0776841","ts":"2026-04-02T19:09:21.524+00:00","eventName":"n8n.audit.workflow.updated","message":"n8n.audit.workflow.updated","payload":{"userId":"a8fb72ae-6563-4643-8d33-647eaf892056","_email":"juanprueba05114@gmail.com","_firstName":"Juan David","_lastName":"Zuluaga","globalRole":"global:owner","workflowId":"yo7acx6zWw34XmlN","workflowName":"prueba_tcc"}}
{"__type":"$$EventMessageConfirm","confirm":"0f6c02cc-df94-4a03-8d1b-6cffb0776841","ts":"2026-04-02T19:09:21.524+00:00","source":{"id":"0","name":"eventBus"}}
{"__type":"$$EventMessageWorkflow","id":"9a7bc5d0-e80c-42dd-809e-6a7ff21d7c24","ts":"2026-04-02T19:09:21.644+00:00","eventName":"n8n.workflow.started","message":"n8n.workflow.started","payload":{"executionId":"5","workflowId":"yo7acx6zWw34XmlN","isManual":false,"mode":"manual","workflowName":"prueba_tcc"}}
{"__type":"$$EventMessageConfirm","confirm":"9a7bc5d0-e80c-42dd-809e-6a7ff21d7c24","ts":"2026-04-02T19:09:21.644+00:00","source":{"id":"0","name":"eventBus"}}
{"__type":"$$EventMessageAudit","id":"35d1d162-a15d-4a23-b5be-7a42042fcf29","ts":"2026-04-02T19:09:21.646+00:00","eventName":"n8n.audit.workflow.executed","message":"n8n.audit.workflow.executed","payload":{"userId":"a8fb72ae-6563-4643-8d33-647eaf892056","_email":"juanprueba05114@gmail.com","_firstName":"Juan David","_lastName":"Zuluaga","globalRole":"global:owner","workflowId":"yo7acx6zWw34XmlN","workflowName":"prueba_tcc","executionId":"5","source":"user-manual"}}
{"__type":"$$EventMessageConfirm","confirm":"35d1d162-a15d-4a23-b5be-7a42042fcf29","ts":"2026-04-02T19:09:21.646+00:00","source":{"id":"0","name":"eventBus"}}
{"__type":"$$EventMessageNode","id":"f6765c38-7c2c-4498-b707-974b6426554f","ts":"2026-04-02T19:09:21.661+00:00","eventName":"n8n.node.started","message":"n8n.node.started","payload":{"workflowId":"yo7acx6zWw34XmlN","workflowName":"prueba_tcc","executionId":"5","nodeType":"n8n-nodes-base.manualTrigger","nodeName":"When clicking ‘Execute workflow’","nodeId":"bea73eb0-35a4-4dbc-b4be-394b68e1807f"}}
{"__type":"$$EventMessageConfirm","confirm":"f6765c38-7c2c-4498-b707-974b6426554f","ts":"2026-04-02T19:09:21.661+00:00","source":{"id":"0","name":"eventBus"}}
{"__type":"$$EventMessageNode","id":"c3fd093b-bbbf-4750-b114-724c4c22757e","ts":"2026-04-02T19:09:21.664+00:00","eventName":"n8n.node.finished","message":"n8n.node.finished","payload":{"workflowId":"yo7acx6zWw34XmlN","workflowName":"prueba_tcc","executionId":"5","nodeType":"n8n-nodes-base.manualTrigger","nodeName":"When clicking ‘Execute workflow’","nodeId":"bea73eb0-35a4-4dbc-b4be-394b68e1807f"}}
{"__type":"$$EventMessageConfirm","confirm":"c3fd093b-bbbf-4750-b114-724c4c22757e","ts":"2026-04-02T19:09:21.664+00:00","source":{"id":"0","name":"eventBus"}}
{"__type":"$$EventMessageNode","id":"cd6e4f40-cc8e-45d3-aca4-941099dc8526","ts":"2026-04-02T19:09:21.666+00:00","eventName":"n8n.node.started","message":"n8n.node.started","payload":{"workflowId":"yo7acx6zWw34XmlN","workflowName":"prueba_tcc","executionId":"5","nodeType":"n8n-nodes-base.gmail","nodeName":"Get many messages","nodeId":"7a25d60c-0c6a-4b37-a1b3-4e297733b2b5"}}
{"__type":"$$EventMessageConfirm","confirm":"cd6e4f40-cc8e-45d3-aca4-941099dc8526","ts":"2026-04-02T19:09:21.666+00:00","source":{"id":"0","name":"eventBus"}}
{"__type":"$$EventMessageAudit","id":"c93adc96-06c8-44f2-b64b-004a6a16f39d","ts":"2026-04-02T19:09:22.131+00:00","eventName":"n8n.audit.workflow.updated","message":"n8n.audit.workflow.updated","payload":{"userId":"a8fb72ae-6563-4643-8d33-647eaf892056","_email":"juanprueba05114@gmail.com","_firstName":"Juan David","_lastName":"Zuluaga","globalRole":"global:owner","workflowId":"yo7acx6zWw34XmlN","workflowName":"prueba_tcc"}}
{"__type":"$$EventMessageConfirm","confirm":"c93adc96-06c8-44f2-b64b-004a6a16f39d","ts":"2026-04-02T19:09:22.131+00:00","source":{"id":"0","name":"eventBus"}}
{"__type":"$$EventMessageNode","id":"45c6d80b-2e82-46ea-a989-ba2550ca4944","ts":"2026-04-02T19:09:22.447+00:00","eventName":"n8n.node.finished","message":"n8n.node.finished","payload":{"workflowId":"yo7acx6zWw34XmlN","workflowName":"prueba_tcc","executionId":"5","nodeType":"n8n-nodes-base.gmail","nodeName":"Get many messages","nodeId":"7a25d60c-0c6a-4b37-a1b3-4e297733b2b5"}}
{"__type":"$$EventMessageConfirm","confirm":"45c6d80b-2e82-46ea-a989-ba2550ca4944","ts":"2026-04-02T19:09:22.448+00:00","source":{"id":"0","name":"eventBus"}}
{"__type":"$$EventMessageWorkflow","id":"7a024e62-e4e2-4b84-97b5-b45a282b3720","ts":"2026-04-02T19:09:22.458+00:00","eventName":"n8n.workflow.success","message":"n8n.workflow.success","payload":{"userId":"a8fb72ae-6563-4643-8d33-647eaf892056","executionId":"5","success":true,"isManual":true,"mode":"manual","workflowId":"yo7acx6zWw34XmlN","workflowName":"prueba_tcc"}}
{"__type":"$$EventMessageConfirm","confirm":"7a024e62-e4e2-4b84-97b5-b45a282b3720","ts":"2026-04-02T19:09:22.458+00:00","source":{"id":"0","name":"eventBus"}}
{"__type":"$$EventMessageWorkflow","id":"c6a8303c-12b8-42e5-bf6a-d0a91b800200","ts":"2026-04-02T19:14:37.493+00:00","eventName":"n8n.workflow.started","message":"n8n.workflow.started","payload":{"executionId":"6","workflowId":"yo7acx6zWw34XmlN","isManual":false,"mode":"manual","workflowName":"prueba_tcc"}}
{"__type":"$$EventMessageConfirm","confirm":"c6a8303c-12b8-42e5-bf6a-d0a91b800200","ts":"2026-04-02T19:14:37.493+00:00","source":{"id":"0","name":"eventBus"}}
{"__type":"$$EventMessageAudit","id":"50618b56-4ca2-4210-b21e-c1c0c75069e0","ts":"2026-04-02T19:14:37.494+00:00","eventName":"n8n.audit.workflow.executed","message":"n8n.audit.workflow.executed","payload":{"userId":"a8fb72ae-6563-4643-8d33-647eaf892056","_email":"juanprueba05114@gmail.com","_firstName":"Juan David","_lastName":"Zuluaga","globalRole":"global:owner","workflowId":"yo7acx6zWw34XmlN","workflowName":"prueba_tcc","executionId":"6","source":"user-manual"}}
{"__type":"$$EventMessageConfirm","confirm":"50618b56-4ca2-4210-b21e-c1c0c75069e0","ts":"2026-04-02T19:14:37.494+00:00","source":{"id":"0","name":"eventBus"}}
{"__type":"$$EventMessageNode","id":"f9066679-59bc-4f35-af23-c1f98659b7cc","ts":"2026-04-02T19:14:37.514+00:00","eventName":"n8n.node.started","message":"n8n.node.started","payload":{"workflowId":"yo7acx6zWw34XmlN","workflowName":"prueba_tcc","executionId":"6","nodeType":"n8n-nodes-base.gmail","nodeName":"Get many messages","nodeId":"7a25d60c-0c6a-4b37-a1b3-4e297733b2b5"}}
{"__type":"$$EventMessageConfirm","confirm":"f9066679-59bc-4f35-af23-c1f98659b7cc","ts":"2026-04-02T19:14:37.514+00:00","source":{"id":"0","name":"eventBus"}}
{"__type":"$$EventMessageNode","id":"65131422-e0a3-4fe5-b42d-7fe73a58abca","ts":"2026-04-02T19:14:38.364+00:00","eventName":"n8n.node.finished","message":"n8n.node.finished","payload":{"workflowId":"yo7acx6zWw34XmlN","workflowName":"prueba_tcc","executionId":"6","nodeType":"n8n-nodes-base.gmail","nodeName":"Get many messages","nodeId":"7a25d60c-0c6a-4b37-a1b3-4e297733b2b5"}}
{"__type":"$$EventMessageConfirm","confirm":"65131422-e0a3-4fe5-b42d-7fe73a58abca","ts":"2026-04-02T19:14:38.365+00:00","source":{"id":"0","name":"eventBus"}}
{"__type":"$$EventMessageWorkflow","id":"d4dcd627-bcd0-46ba-ba62-68792736f45d","ts":"2026-04-02T19:14:38.373+00:00","eventName":"n8n.workflow.success","message":"n8n.workflow.success","payload":{"userId":"a8fb72ae-6563-4643-8d33-647eaf892056","executionId":"6","success":true,"isManual":true,"mode":"manual","workflowId":"yo7acx6zWw34XmlN","workflowName":"prueba_tcc"}}
{"__type":"$$EventMessageConfirm","confirm":"d4dcd627-bcd0-46ba-ba62-68792736f45d","ts":"2026-04-02T19:14:38.373+00:00","source":{"id":"0","name":"eventBus"}}
{"__type":"$$EventMessageAudit","id":"2736a397-1c7b-48dd-909e-7cc3e744dbbb","ts":"2026-04-02T19:37:40.152+00:00","eventName":"n8n.audit.workflow.updated","message":"n8n.audit.workflow.updated","payload":{"userId":"a8fb72ae-6563-4643-8d33-647eaf892056","_email":"juanprueba05114@gmail.com","_firstName":"Juan David","_lastName":"Zuluaga","globalRole":"global:owner","workflowId":"yo7acx6zWw34XmlN","workflowName":"prueba_tcc"}}
{"__type":"$$EventMessageConfirm","confirm":"2736a397-1c7b-48dd-909e-7cc3e744dbbb","ts":"2026-04-02T19:37:40.152+00:00","source":{"id":"0","name":"eventBus"}}
{"__type":"$$EventMessageWorkflow","id":"fbbaf210-33c6-4aa3-89a3-e89baa8a114f","ts":"2026-04-02T19:38:32.366+00:00","eventName":"n8n.workflow.started","message":"n8n.workflow.started","payload":{"executionId":"7","workflowId":"yo7acx6zWw34XmlN","isManual":false,"mode":"manual","workflowName":"prueba_tcc"}}
{"__type":"$$EventMessageConfirm","confirm":"fbbaf210-33c6-4aa3-89a3-e89baa8a114f","ts":"2026-04-02T19:38:32.367+00:00","source":{"id":"0","name":"eventBus"}}
{"__type":"$$EventMessageAudit","id":"ddf11b77-e8d4-4b2a-9d10-49a8747bfcad","ts":"2026-04-02T19:38:32.368+00:00","eventName":"n8n.audit.workflow.executed","message":"n8n.audit.workflow.executed","payload":{"userId":"a8fb72ae-6563-4643-8d33-647eaf892056","_email":"juanprueba05114@gmail.com","_firstName":"Juan David","_lastName":"Zuluaga","globalRole":"global:owner","workflowId":"yo7acx6zWw34XmlN","workflowName":"prueba_tcc","executionId":"7","source":"user-manual"}}
{"__type":"$$EventMessageConfirm","confirm":"ddf11b77-e8d4-4b2a-9d10-49a8747bfcad","ts":"2026-04-02T19:38:32.368+00:00","source":{"id":"0","name":"eventBus"}}
{"__type":"$$EventMessageNode","id":"db2185e5-ddc6-457e-97ab-3a05f3581b49","ts":"2026-04-02T19:38:32.387+00:00","eventName":"n8n.node.started","message":"n8n.node.started","payload":{"workflowId":"yo7acx6zWw34XmlN","workflowName":"prueba_tcc","executionId":"7","nodeType":"n8n-nodes-base.code","nodeName":"Code in Python","nodeId":"1f078c7e-1d43-485f-844f-9fa741778e10"}}
{"__type":"$$EventMessageConfirm","confirm":"db2185e5-ddc6-457e-97ab-3a05f3581b49","ts":"2026-04-02T19:38:32.387+00:00","source":{"id":"0","name":"eventBus"}}
{"__type":"$$EventMessageNode","id":"1eebcc01-37ec-4311-ae0a-18eae75306da","ts":"2026-04-02T19:38:32.403+00:00","eventName":"n8n.node.finished","message":"n8n.node.finished","payload":{"workflowId":"yo7acx6zWw34XmlN","workflowName":"prueba_tcc","executionId":"7","nodeType":"n8n-nodes-base.code","nodeName":"Code in Python","nodeId":"1f078c7e-1d43-485f-844f-9fa741778e10"}}
{"__type":"$$EventMessageConfirm","confirm":"1eebcc01-37ec-4311-ae0a-18eae75306da","ts":"2026-04-02T19:38:32.403+00:00","source":{"id":"0","name":"eventBus"}}
{"__type":"$$EventMessageWorkflow","id":"1608067f-1cc6-4406-a582-492f3876a342","ts":"2026-04-02T19:38:32.408+00:00","eventName":"n8n.workflow.failed","message":"n8n.workflow.failed","payload":{"userId":"a8fb72ae-6563-4643-8d33-647eaf892056","executionId":"7","success":false,"isManual":true,"mode":"manual","workflowId":"yo7acx6zWw34XmlN","workflowName":"prueba_tcc","lastNodeExecuted":"Code in Python","errorMessage":"Python runner unavailable: Python 3 is missing from this system"}}
{"__type":"$$EventMessageConfirm","confirm":"1608067f-1cc6-4406-a582-492f3876a342","ts":"2026-04-02T19:38:32.409+00:00","source":{"id":"0","name":"eventBus"}}
